Arguments: 
  /usr/local/Cellar/node/10.10.0/bin/node /usr/local/Cellar/yarn/1.9.4/libexec/bin/yarn.js

PATH: 
  /Users/sartaj/.fastlane/bin:/Users/sartaj/.rbenv/shims:/Users/sartaj/bin:/usr/local/bin:/usr/local/bin:/usr/bin:/bin:/usr/sbin:/sbin:/Users/sartaj/.fastlane/bin:/Users/sartaj/.rbenv/shims:/Users/sartaj/bin:/Users/sartaj/n/bin

Yarn version: 
  1.9.4

Node version: 
  10.10.0

Platform: 
  darwin x64

Trace: 
  Error: https://registry.yarnpkg.com/reservr-domain: Not found
      at Request.params.callback [as _callback] (/usr/local/Cellar/yarn/1.9.4/libexec/lib/cli.js:64202:18)
      at Request.self.callback (/usr/local/Cellar/yarn/1.9.4/libexec/lib/cli.js:137468:22)
      at Request.emit (events.js:182:13)
      at Request.<anonymous> (/usr/local/Cellar/yarn/1.9.4/libexec/lib/cli.js:138440:10)
      at Request.emit (events.js:182:13)
      at IncomingMessage.<anonymous> (/usr/local/Cellar/yarn/1.9.4/libexec/lib/cli.js:138362:12)
      at Object.onceWrapper (events.js:273:13)
      at IncomingMessage.emit (events.js:187:15)
      at endReadableNT (_stream_readable.js:1092:12)
      at process._tickCallback (internal/process/next_tick.js:63:19)

npm manifest: 
  {
    "name": "reservr-gateway",
    "private": true,
    "version": "1.0.0",
    "description": "",
    "main": "src/index.js",
    "scripts": {
      "start": "node ./",
      "test": "echo \"Error: no test specified\" && exit 1"
    },
    "author": "",
    "license": "ISC",
    "dependencies": {
      "apollo-server": "^2.0.8",
      "apollo-server-express": "^2.0.7",
      "caller": "^1.0.1",
      "express": "^4.16.3",
      "express-graphql": "^0.6.12",
      "graphql": "^14.0.2",
      "ramda": "^0.25.0",
      "require-graphql": "^1.0.0",
      "reservr-domain": "1.0.0",
      "reservr-repository": "^1.0.0",
      "resolve": "^1.8.1"
    }
  }

yarn manifest: 
  No manifest

Lockfile: 
  No lockfile
